[16:50:13] [ServerMain/INFO]: Environment: Environment[sessionHost=https://sessionserver.mojang.com, servicesHost=https://api.minecraftservices.com, profilesHost=https://api.mojang.com, name=PROD]
[16:50:15] [ServerMain/INFO]: No existing world data, creating new world
[16:50:17] [ServerMain/INFO]: Loaded 1470 recipes
[16:50:17] [ServerMain/INFO]: Loaded 1584 advancements
[16:50:17] [Server thread/INFO]: Starting minecraft server version 1.21.11
[16:50:17] [Server thread/INFO]: Loading properties
[16:50:17] [Server thread/INFO]: Default game type: SURVIVAL
[16:50:17] [Server thread/INFO]: Generating keypair
[16:50:17] [Server thread/INFO]: Starting Minecraft server on *:25565
[16:50:17] [Server thread/WARN]: **** SERVER IS RUNNING IN OFFLINE/INSECURE MODE!
[16:50:17] [Server thread/WARN]: The server will make no attempt to authenticate usernames. Beware.
[16:50:17] [Server thread/WARN]: While this makes the game possible to play without internet access, it also opens up the ability for hackers to connect with any username they choose.
[16:50:17] [Server thread/WARN]: To change this, set "online-mode" to "true" in the server.properties file.
[16:50:17] [Server thread/INFO]: Preparing level "world"
[16:50:18] [Server thread/INFO]: Selecting global world spawn...
[16:50:32] [Server thread/INFO]: Loading 0 persistent chunks...
[16:50:32] [Server thread/INFO]: Preparing spawn area: 100%
[16:50:32] [Server thread/INFO]: Time elapsed: 13508 ms
[16:50:32] [Server thread/INFO]: Done (14.326s)! For help, type "help"
[16:51:32] [Server thread/INFO]: Server empty for 60 seconds, pausing
[16:56:30] [Server thread/INFO]: Unknown or incomplete command. See below for error
[16:56:30] [Server thread/INFO]: 127.0.0.1:25565play<--[HERE]
[16:56:33] [Server thread/INFO]: Unknown or incomplete command. See below for error
[16:56:33] [Server thread/INFO]: play<--[HERE]
